<?xml version="1.0" encoding="UTF-8" standalone="no"?><testsuites><testsuite errors="0" failures="0" hostname="emulator-5554_test_unknown_FullMIPSAndroidonEmulator" name="com.teambitcoin.coinwallet.tests" tests="0" time="0.0000" timestamp="Fri Mar 14 17:38:46 UTC 2014"><properties><property name="java.runtime.name" value="Java(TM) SE Runtime Environment"/><property name="sun.boot.library.path" value="/usr/lib/jvm/java-7-oracle/jre/lib/amd64"/><property name="java.vm.version" value="24.51-b03"/><property name="android.device" value="test"/><property name="java.vm.vendor" value="Oracle Corporation"/><property name="java.vendor.url" value="http://java.oracle.com/"/><property name="guice.disable.misplaced.annotation.check" value="true"/><property name="path.separator" value=":"/><property name="java.vm.name" value="Java HotSpot(TM) 64-Bit Server VM"/><property name="file.encoding.pkg" value="sun.io"/><property name="user.country" value="US"/><property name="sun.java.launcher" value="SUN_STANDARD"/><property name="sun.os.patch.level" value="unknown"/><property name="java.vm.specification.name" value="Java Virtual Machine Specification"/><property name="user.dir" value="/home/travis/build/cwallet/coinwallet"/><property name="java.runtime.version" value="1.7.0_51-b13"/><property name="java.awt.graphicsenv" value="sun.awt.X11GraphicsEnvironment"/><property name="java.endorsed.dirs" value="/usr/lib/jvm/java-7-oracle/jre/lib/endorsed"/><property name="os.arch" value="amd64"/><property name="java.io.tmpdir" value="/tmp"/><property name="line.separator" value="&#10;"/><property name="java.vm.specification.vendor" value="Oracle Corporation"/><property name="os.name" value="Linux"/><property name="classworlds.conf" value="/usr/local/maven/bin/m2.conf"/><property name="sun.jnu.encoding" value="UTF-8"/><property name="java.library.path" value="/home/travis/.gvm/pkgsets/go1.2/global/overlay/lib:/home/travis/.gvm/pkgsets/go1.2/global/overlay/lib::/usr/java/packages/lib/amd64:/usr/lib64:/lib64:/lib:/usr/lib"/><property name="java.specification.name" value="Java Platform API Specification"/><property name="java.class.version" value="51.0"/><property name="sun.management.compiler" value="HotSpot 64-Bit Tiered Compilers"/><property name="maven.repo.local" value="/home/travis/.m2/repository"/><property name="os.version" value="2.6.32-042stab079.5"/><property name="user.home" value="/home/travis"/><property name="user.timezone" value="Etc/UTC"/><property name="java.awt.printerjob" value="sun.print.PSPrinterJob"/><property name="file.encoding" value="UTF-8"/><property name="java.specification.version" value="1.7"/><property name="java.class.path" value="/usr/local/maven/boot/plexus-classworlds-2.5.1.jar"/><property name="user.name" value="travis"/><property name="org.slf4j.simpleLogger.defaultLogLevel" value="info"/><property name="java.vm.specification.version" value="1.7"/><property name="sun.java.command" value="org.codehaus.plexus.classworlds.launcher.Launcher install -Pintegration-tests -Dandroid.device=test -e"/><property name="java.home" value="/usr/lib/jvm/java-7-oracle/jre"/><property name="sun.arch.data.model" value="64"/><property name="user.language" value="en"/><property name="java.specification.vendor" value="Oracle Corporation"/><property name="awt.toolkit" value="sun.awt.X11.XToolkit"/><property name="java.vm.info" value="mixed mode"/><property name="java.version" value="1.7.0_51"/><property name="securerandom.source" value="file:/dev/./urandom"/><property name="java.ext.dirs" value="/usr/lib/jvm/java-7-oracle/jre/lib/ext:/usr/java/packages/lib/ext"/><property name="sun.boot.class.path" value="/usr/lib/jvm/java-7-oracle/jre/lib/resources.jar:/usr/lib/jvm/java-7-oracle/jre/lib/rt.jar:/usr/lib/jvm/java-7-oracle/jre/lib/sunrsasign.jar:/usr/lib/jvm/java-7-oracle/jre/lib/jsse.jar:/usr/lib/jvm/java-7-oracle/jre/lib/jce.jar:/usr/lib/jvm/java-7-oracle/jre/lib/charsets.jar:/usr/lib/jvm/java-7-oracle/jre/lib/jfr.jar:/usr/lib/jvm/java-7-oracle/jre/classes"/><property name="java.vendor" value="Oracle Corporation"/><property name="maven.home" value="/usr/local/maven"/><property name="file.separator" value="/"/><property name="java.vendor.url.bug" value="http://bugreport.sun.com/bugreport/"/><property name="sun.io.unicode.encoding" value="UnicodeLittle"/><property name="sun.cpu.endian" value="little"/><property name="sun.cpu.isalist" value=""/><property name="ro.product.manufacturer" value="unknown"/><property name="gsm.sim.operator.alpha" value="Android"/><property name="sys.settings_secure_version" value="12"/><property name="ro.kernel.ndns" value="2"/><property name="ro.debuggable" value="1"/><property name="persist.sys.usb.config" value="adb"/><property name="init.svc.debuggerd" value="running"/><property name="persist.sys.profiler_ms" value="0"/><property name="system_init.startsurfaceflinger" value="0"/><property name="ro.product.model" value="Full MIPS Android on Emulator"/><property name="gsm.operator.iso-country" value="us"/><property name="persist.sys.language" value="en"/><property name="ro.factorytest" value="0"/><property name="ro.build.fingerprint" value="Android/full_mips/generic_mips:4.0.4/IMM76D/eng.chris.20120718.110437:eng/test-keys"/><property name="net.dnschange" value="1"/><property name="ro.build.product" value="generic_mips"/><property name="ro.bootloader" value="unknown"/><property name="init.svc.vold" value="running"/><property name="ro.setupwizard.mode" value="OPTIONAL"/><property name="net.hostname" value="android-70baad21bfe25421"/><property name="keyguard.no_require_sim" value="true"/><property name="net.bt.name" value="Android"/><property name="qemu.hw.mainkeys" value="1"/><property name="ro.build.version.sdk" value="15"/><property name="sys.usb.config" value="adb"/><property name="net.eth0.dns1" value="10.0.2.3"/><property name="net.eth0.dns2" value="10.0.2.4"/><property name="init.svc.qemu-props" value="stopped"/><property name="ro.bootmode" value="unknown"/><property name="ro.baseband" value="unknown"/><property name="ro.runtime.firstboot" value="1394818684881"/><property name="ro.build.host" value="linux-chris"/><property name="ARGH" value="ARGH"/><property name="ro.build.display.id" value="full_mips-eng 4.0.4 IMM76D eng.chris.20120718.110437 test-keys"/><property name="ro.revision" value="0"/><property name="sys.settings_system_version" value="1"/><property name="init.svc.qemud" value="running"/><property name="ro.kernel.android.qemud" value="ttyS1"/><property name="ro.product.locale.region" value="US"/><property name="gsm.operator.isroaming" value="false"/><property name="net.eth0.gw" value="10.0.2.2"/><property name="persist.sys.timezone" value="GMT"/><property name="gsm.operator.numeric" value="310260"/><property name="init.svc.dbus" value="running"/><property name="ro.allow.mock.location" value="1"/><property name="ro.crypto.state" value="unencrypted"/><property name="net.tcp.buffersize.wifi" value="524288,1048576,2097152,262144,524288,1048576"/><property name="ro.kernel.qemu.gles" value="0"/><property name="persist.sys.localevar" value=""/><property name="gsm.nitz.time" value="1394818671482"/><property name="ro.product.brand" value="Android"/><property name="gsm.sim.operator.numeric" value="310260"/><property name="ro.config.notification_sound" value="pixiedust.ogg"/><property name="ro.board.platform" value=""/><property name="ro.build.date.utc" value="1342634753"/><property name="ro.com.google.locationfeatures" value="1"/><property name="ro.ril.hsxpa" value="1"/><property name="ro.product.locale.language" value="en"/><property name="ro.product.device" value="generic_mips"/><property name="dev.bootcomplete" value="1"/><property name="qemu.sf.lcd_density" value="240"/><property name="gsm.sim.state" value="READY"/><property name="init.svc.keystore" value="running"/><property name="gsm.defaultpdpcontext.active" value="true"/><property name="ro.hardware" value="goldfish"/><property name="status.battery.level" value="5"/><property name="status.battery.level_scale" value="9"/><property name="init.svc.netd" value="running"/><property name="ro.kernel.console" value="ttyS0"/><property name="ro.build.characteristics" value="default"/><property name="ro.build.id" value="IMM76D"/><property name="ro.radio.use-ppp" value="no"/><property name="net.tcp.buffersize.lte" value="524288,1048576,2097152,262144,524288,1048576"/><property name="ro.com.android.dateformat" value="MM-dd-yyyy"/><property name="net.gprs.local-ip" value="10.0.2.15"/><property name="net.tcp.buffersize.default" value="4096,87380,110208,4096,16384,110208"/><property name="net.tcp.buffersize.umts" value="4094,87380,110208,4096,16384,110208"/><property name="sys.usb.state" value="adb"/><property name="rild.libpath" value="/system/lib/libreference-ril.so"/><property name="sys.boot_completed" value="1"/><property name="ro.product.name" value="full_mips"/><property name="net.change" value="net.dnschange"/><property name="ro.kernel.rd_size" value="217933"/><property name="ro.build.tags" value="test-keys"/><property name="ro.config.alarm_alert" value="Alarm_Classic.ogg"/><property name="status.battery.level_raw" value="50"/><property name="init.svc.goldfish-logcat" value="stopped"/><property name="gsm.version.ril-impl" value="android reference-ril 1.0"/><property name="ro.product.board" value=""/><property name="init.svc.drm" value="running"/><property name="ro.config.low_ram" value="true"/><property name="init.svc.media" value="running"/><property name="ro.build.description" value="full_mips-eng 4.0.4 IMM76D eng.chris.20120718.110437 test-keys"/><property name="ro.build.version.codename" value="REL"/><property name="ro.product.cpu.abi" value="mips-r2"/><property name="rild.libargs" value="-d /dev/ttyS0"/><property name="ro.kernel.android.checkjni" value="1"/><property name="qemu.sf.fake_camera" value="back"/><property name="dalvik.vm.heapsize" value="48m"/><property name="init.svc.bootanim" value="stopped"/><property name="dalvik.vm.stack-trace-file" value="/data/anr/traces.txt"/><property name="net.tcp.buffersize.edge" value="4093,26280,35040,4096,16384,35040"/><property name="init.svc.surfaceflinger" value="running"/><property name="ro.serialno" value=""/><property name="persist.sys.country" value="US"/><property name="net.tcp.buffersize.gprs" value="4092,8760,11680,4096,8760,11680"/><property name="ro.build.date" value="Wed Jul 18 11:05:53 PDT 2012"/><property name="ro.ril.gprsclass" value="10"/><property name="ro.com.android.dataroaming" value="true"/><property name="ro.build.version.release" value="4.0.4"/><property name="init.svc.console" value="running"/><property name="ro.product.cpu.abi2" value="mips"/><property name="net.tcp.buffersize.hspa" value="4094,87380,262144,4096,16384,262144"/><property name="init.svc.zygote" value="running"/><property name="ro.kernel.rd_start" value="0x80432000"/><property name="init.svc.servicemanager" value="running"/><property name="gsm.current.phone-type" value="1"/><property name="ro.build.user" value="chris"/><property name="gsm.sim.operator.iso-country" value="us"/><property name="ro.config.ringtone" value="Ring_Synth_04.ogg"/><property name="init.svc.installd" value="running"/><property name="ro.kernel.qemu" value="1"/><property name="ro.secure" value="0"/><property name="ro.build.type" value="eng"/><property name="ro.carrier" value="unknown"/><property name="ro.wifi.channels" value=""/><property name="ro.build.version.incremental" value="eng.chris.20120718.110437"/><property name="init.svc.adbd" value="running"/><property name="init.svc.goldfish-setup" value="stopped"/><property name="net.qtaguid_enabled" value="0"/><property name="gsm.operator.alpha" value="Android"/><property name="gsm.network.type" value="UMTS:3"/><property name="net.dns2" value="10.0.2.4"/><property name="net.dns1" value="10.0.2.3"/><property name="status.battery.state" value="Slow"/><property name="init.svc.ril-daemon" value="running"/></properties></testsuite></testsuites>